#
# A fatal error has been detected by the Java Runtime Environment:
#
#  SIGSEGV (0xb) at pc=0x000079a6ba99d7fd, pid=503198, tid=503198
#
# JRE version: OpenJDK Runtime Environment (22.0.1+8) (build 22.0.1+8-16)
# Java VM: OpenJDK 64-Bit Server VM (22.0.1+8-16, mixed mode, sharing, tiered, compressed oops, compressed class ptrs, g1 gc, linux-amd64)
# Problematic frame:
# C  [libc.so.6+0x19d7fd]
#
# Core dump will be written. Default location: Core dumps may be processed with "/usr/share/apport/apport -p%p -s%s -c%c -d%d -P%P -u%u -g%g -- %E" (or dumping to /mnt/nvme1n1/CurePilot/core.503198)
#
# If you would like to submit a bug report, please visit:
#   https://bugreport.java.com/bugreport/crash.jsp
# The crash happened outside the Java Virtual Machine in native code.
# See problematic frame for where to report the bug.
#

---------------  S U M M A R Y ------------

Command Line: 

Host: AMD Ryzen Threadripper 3990X 64-Core Processor, 128 cores, 125G, Ubuntu 22.04.3 LTS
Time: Thu Apr 25 10:20:42 2024 EDT elapsed time: 1.514898 seconds (0d 0h 0m 1s)

---------------  T H R E A D  ---------------

Current thread (0x00005fa3740b29d0):  JavaThread "main"      [_thread_in_native, id=503198, stack(0x00007ffcb442b000,0x00007ffcb452b000) (1024K)]

Stack: [0x00007ffcb442b000,0x00007ffcb452b000],  sp=0x00007ffcb4521a38,  free space=986k
Native frames: (J=compiled Java code, j=interpreted, Vv=VM code, C=native code)
C  [libc.so.6+0x19d7fd]

siginfo: si_signo: 11 (SIGSEGV), si_code: 128 (SI_KERNEL), si_addr: 0x0000000000000000

Registers:
RAX=0x0000000000000e65, RBX=0xffffffffffffffff, RCX=0x000000000000000f, RDX=0x696c2d726f736e65
RSP=0x00007ffcb4521a38, RBP=0x7fffffffffffffff, RSI=0x0000000000000000, RDI=0x696c2d726f736e65
R8 =0x0000000000000000, R9 =0x0000000000000018, R10=0x0000000000000000, R11=0x0000000000008000
R12=0x00007ffcb4521a90, R13=0xffffffffffffffff, R14=0x000079a4cfaf7621, R15=0x00007ffcb4521b40
RIP=0x000079a6ba99d7fd, EFLAGS=0x0000000000010283, CSGSFS=0x002b000000000033, ERR=0x0000000000000000
  TRAPNO=0x000000000000000d


Register to memory mapping:

RAX=0x0000000000000e65 is an unknown value
RBX=0xffffffffffffffff is an unknown value
RCX=0x000000000000000f is an unknown value
RDX=0x696c2d726f736e65 is an unknown value
RSP=0x00007ffcb4521a38 is pointing into the stack for thread: 0x00005fa3740b29d0
RBP=0x7fffffffffffffff is an unknown value
RSI=0x0 is null
RDI=0x696c2d726f736e65 is an unknown value
R8 =0x0 is null
R9 =0x0000000000000018 is an unknown value
R10=0x0 is null
R11=0x0000000000008000 is an unknown value
R12=0x00007ffcb4521a90 is pointing into the stack for thread: 0x00005fa3740b29d0
R13=0xffffffffffffffff is an unknown value
R14=0x000079a4cfaf7621: <offset 0x0000000000cf7621> in /home/salman/.local/share/virtualenvs/CurePilot-018Pius6/lib/python3.10/site-packages/torch/lib/libtorch_python.so at 0x000079a4cee00000
R15=0x00007ffcb4521b40 is pointing into the stack for thread: 0x00005fa3740b29d0

Top of Stack: (sp=0x00007ffcb4521a38)
0x00007ffcb4521a38:   00005fa3716e1254 696c2d726f736e65
0x00007ffcb4521a48:   000079a5b4c68a20 000079a5b4c68a38
0x00007ffcb4521a58:   00005fa372b96070 0000000000000001
0x00007ffcb4521a68:   00005fa371718f14 0000003000000018
0x00007ffcb4521a78:   00007ffcb4521c10 00007ffcb4521b30
0x00007ffcb4521a88:   00005fa371b1c0a0 000079a5b49295f0
0x00007ffcb4521a98:   000079a5b4929620 0000007f00000001
0x00007ffcb4521aa8:   0000000000000087 0000000000000008
0x00007ffcb4521ab8:   0000000000000087 000000010000007f
0x00007ffcb4521ac8:   000079a5b4973a00 00005fa3718fe59e
0x00007ffcb4521ad8:   0000000000000039 00005fa372b858f0
0x00007ffcb4521ae8:   0000000000000000 00005fa371b09240
0x00007ffcb4521af8:   0000000000000000 000079a4cfaf7618
0x00007ffcb4521b08:   00005fa371706933 0000003000000010
0x00007ffcb4521b18:   00007ffcb4521c10 00007ffcb4521b30
0x00007ffcb4521b28:   00005fa3716f9c1a 0000003000000020
0x00007ffcb4521b38:   6f6a8706e8256a00 696c2d726f736e65
0x00007ffcb4521b48:   0000000000000000 00005fa3718c3cb5
0x00007ffcb4521b58:   00005fa3743e3ee8 00005fa37587b328
0x00007ffcb4521b68:   00005fa375a08930 000079a4cfecaee0
0x00007ffcb4521b78:   000079a6ba8a5453 0000000000000040
0x00007ffcb4521b88:   000079a5b4bf5a80 00005fa375a08910
0x00007ffcb4521b98:   00005fa375a08930 00005fa37587b300
0x00007ffcb4521ba8:   000079a4cf50b80d 00007ffcb4521c28
0x00007ffcb4521bb8:   00005fa37587b340 0000000000000020
0x00007ffcb4521bc8:   00007ffcb4521c28 0000000000000039
0x00007ffcb4521bd8:   0000000000000039 000079a5b4bf5a80
0x00007ffcb4521be8:   00007ffcb4521c28 00005fa372b69a70
0x00007ffcb4521bf8:   000079a5b4cd39c0 0000000000000000
0x00007ffcb4521c08:   000079a4cf500636 00005fa372b69a70
0x00007ffcb4521c18:   000079a5b4ce5350 00005fa3737ad250
0x00007ffcb4521c28:   000079a61462b618 00005fa372b858f0 

Instructions: (pc=0x000079a6ba99d7fd)
0x000079a6ba99d6fd:   fd d7 ca c5 fd d7 c3 09 c1 75 38 c5 fd 6f 0f c5
0x000079a6ba99d70d:   fd 74 d1 48 83 c7 20 c5 dd 74 d9 c5 fd d7 ca c5
0x000079a6ba99d71d:   fd d7 c3 09 c1 75 1c c5 fd 6f 0f c5 fd 74 d1 48
0x000079a6ba99d72d:   83 c7 20 c5 dd 74 d9 c5 fd d7 ca c5 fd d7 c3 09
0x000079a6ba99d73d:   c1 74 90 85 c0 75 1c 85 d2 0f 84 84 00 00 00 89
0x000079a6ba99d74d:   d0 48 89 f7 0f bd c0 48 8d 44 07 e0 c5 f8 77 c3
0x000079a6ba99d75d:   0f 1f 00 c5 fd d7 ca 85 c9 75 18 89 c2 48 89 fe
0x000079a6ba99d76d:   e9 5e ff ff ff 66 66 2e 0f 1f 84 00 00 00 00 00
0x000079a6ba99d77d:   0f 1f 00 41 89 c8 41 83 e8 01 41 31 c8 44 21 c0
0x000079a6ba99d78d:   85 c0 74 b3 0f bd c0 48 8d 44 07 e0 c5 f8 77 c3
0x000079a6ba99d79d:   0f 1f 00 48 01 cf 89 d1 41 89 c8 41 83 e8 01 41
0x000079a6ba99d7ad:   31 c8 44 21 c0 85 c0 74 1a 0f bd c0 48 8d 44 07
0x000079a6ba99d7bd:   e0 c5 f8 77 c3 66 66 2e 0f 1f 84 00 00 00 00 00
0x000079a6ba99d7cd:   0f 1f 00 31 c0 c5 f8 77 c3 66 2e 0f 1f 84 00 00
0x000079a6ba99d7dd:   00 00 00 f3 0f 1e fa 89 f8 48 89 fa c5 f9 ef c0
0x000079a6ba99d7ed:   25 ff 0f 00 00 3d e0 0f 00 00 0f 87 33 01 00 00
0x000079a6ba99d7fd:   c5 fd 74 0f c5 fd d7 c1 85 c0 74 57 f3 0f bc c0
0x000079a6ba99d80d:   c5 f8 77 c3 66 66 2e 0f 1f 84 00 00 00 00 00 0f
0x000079a6ba99d81d:   1f 40 00 f3 0f bc c0 29 d7 ff c7 01 f8 c5 f8 77
0x000079a6ba99d82d:   c3 66 90 f3 0f bc c0 29 d7 83 c7 21 01 f8 c5 f8
0x000079a6ba99d83d:   77 c3 90 f3 0f bc c0 29 d7 83 c7 41 01 f8 c5 f8
0x000079a6ba99d84d:   77 c3 90 f3 0f bc c0 29 d7 83 c7 61 01 f8 c5 f8
0x000079a6ba99d85d:   77 c3 90 48 83 cf 1f c5 fd 74 4f 01 c5 fd d7 c1
0x000079a6ba99d86d:   85 c0 75 af c5 fd 74 4f 21 c5 fd d7 c1 85 c0 75
0x000079a6ba99d87d:   b2 c5 fd 74 4f 41 c5 fd d7 c1 85 c0 75 b5 c5 fd
0x000079a6ba99d88d:   74 4f 61 c5 fd d7 c1 85 c0 75 b8 48 ff c7 48 83
0x000079a6ba99d89d:   cf 7f 90 c5 fd 6f 4f 01 c5 f5 da 57 21 c5 fd 6f
0x000079a6ba99d8ad:   5f 41 c5 e5 da 67 61 c5 dd da ea c5 fd 74 ed c5
0x000079a6ba99d8bd:   fd d7 cd 48 83 ef 80 85 c9 74 d8 c5 fd 74 c9 c5
0x000079a6ba99d8cd:   fd d7 c1 48 29 d7 85 c0 75 39 c5 fd 74 d2 c5 fd
0x000079a6ba99d8dd:   d7 c2 85 c0 75 3d c5 fd 74 db c5 fd d7 c3 48 c1
0x000079a6ba99d8ed:   e1 20 48 09 c8 f3 48 0f bc c0 48 83 ef 3f 48 01 


Stack slot to memory mapping:

stack at sp + 0 slots: 0x00005fa3716e1254: PyUnicode_FromFormatV+0x0000000000000774 in python3 at 0x00005fa3715a6000
stack at sp + 1 slots: 0x696c2d726f736e65 is an unknown value
stack at sp + 2 slots: 0x000079a5b4c68a20 points into unknown readable memory: 0x636f645f6464615f | 5f 61 64 64 5f 64 6f 63
stack at sp + 3 slots: 0x000079a5b4c68a38 points into unknown readable memory: 0x00005fa371b177c0 | c0 77 b1 71 a3 5f 00 00
stack at sp + 4 slots: 0x00005fa372b96070 points into unknown readable memory: 0x000000000000000c | 0c 00 00 00 00 00 00 00
stack at sp + 5 slots: 0x0000000000000001 is an unknown value
stack at sp + 6 slots: 0x00005fa371718f14: <offset 0x0000000000172f14> in python3 at 0x00005fa3715a6000
stack at sp + 7 slots: 0x0000003000000018 is an unknown value


---------------  P R O C E S S  ---------------

Threads class SMR info:
_java_thread_list=0x000079a454001c40, length=15, elements={
0x00005fa3740b29d0, 0x00005fa373f36720, 0x00005fa373f37db0, 0x00005fa373f399f0,
0x00005fa373f3b070, 0x00005fa373f3c650, 0x00005fa373f3df80, 0x00005fa373f3f6d0,
0x00005fa373f4c180, 0x00005fa373b9cb10, 0x000079a53c02c3b0, 0x000079a5480c8110,
0x000079a5480c9440, 0x000079a5480ca700, 0x000079a54c001100
}

Java Threads: ( => current thread )
=>0x00005fa3740b29d0 JavaThread "main"                       [_thread_in_native, id=503198, stack(0x00007ffcb442b000,0x00007ffcb452b000) (1024K)]
  0x00005fa373f36720 JavaThread "Reference Handler"          [_thread_blocked, id=503334, stack(0x000079a5b60c2000,0x000079a5b61c2000) (1024K)]
  0x00005fa373f37db0 JavaThread "Finalizer"                  [_thread_blocked, id=503335, stack(0x000079a5b5fc2000,0x000079a5b60c2000) (1024K)]
  0x00005fa373f399f0 JavaThread "Signal Dispatcher"          [_thread_blocked, id=503336, stack(0x000079a5b5ec2000,0x000079a5b5fc2000) (1024K)]
  0x00005fa373f3b070 JavaThread "Service Thread"             [_thread_blocked, id=503337, stack(0x000079a5b5dc2000,0x000079a5b5ec2000) (1024K)]
  0x00005fa373f3c650 JavaThread "Monitor Deflation Thread"   [_thread_blocked, id=503338, stack(0x000079a5b5cc2000,0x000079a5b5dc2000) (1024K)]
  0x00005fa373f3df80 JavaThread "C2 CompilerThread0"         [_thread_blocked, id=503339, stack(0x000079a5b5bc2000,0x000079a5b5cc2000) (1024K)]
  0x00005fa373f3f6d0 JavaThread "C1 CompilerThread0"         [_thread_blocked, id=503340, stack(0x000079a5b5ac2000,0x000079a5b5bc2000) (1024K)]
  0x00005fa373f4c180 JavaThread "Notification Thread"        [_thread_blocked, id=503341, stack(0x000079a5b58f2000,0x000079a5b59f2000) (1024K)]
  0x00005fa373b9cb10 JavaThread "Common-Cleaner"             [_thread_blocked, id=503342, stack(0x000079a5b57f2000,0x000079a5b58f2000) (1024K)]
  0x000079a53c02c3b0 JavaThread "C1 CompilerThread1"         [_thread_blocked, id=503343, stack(0x000079a5b56f2000,0x000079a5b57f2000) (1024K)]
  0x000079a5480c8110 JavaThread "C2 CompilerThread1"         [_thread_blocked, id=503347, stack(0x000079a5b53f2000,0x000079a5b54f2000) (1024K)]
  0x000079a5480c9440 JavaThread "C2 CompilerThread2"         [_thread_blocked, id=503348, stack(0x000079a5b52f2000,0x000079a5b53f2000) (1024K)]
  0x000079a5480ca700 JavaThread "C2 CompilerThread3"         [_thread_blocked, id=503349, stack(0x000079a5b51f2000,0x000079a5b52f2000) (1024K)]
  0x000079a54c001100 JavaThread "SIGINT handler"             [_thread_blocked, id=503406, stack(0x000079a5b4300000,0x000079a5b4400000) (1024K)]
Total: 15

Other Threads:
  0x00005fa373560620 VMThread "VM Thread"                           [id=503333, stack(0x000079a5b61c3000,0x000079a5b62c3000) (1024K)]
  0x00005fa373f27250 WorkerThread "GC Thread#0"                     [id=503326, stack(0x000079a5c9b68000,0x000079a5c9c68000) (1024K)]
  0x00005fa373550c90 ConcurrentGCThread "G1 Main Marker"            terminated
  0x00005fa373e37560 WorkerThread "G1 Conc#0"                       [id=503328, stack(0x000079a5c9966000,0x000079a5c9a66000) (1024K)]
  0x00005fa374099ed0 ConcurrentGCThread "G1 Refine#0"               terminated
  0x00005fa373315c40 ConcurrentGCThread "G1 Service"                terminated
Total: 6

Threads with active compile tasks:
C2 CompilerThread0  1522 1777       4       java.util.TreeMap$PrivateEntryIterator::nextEntry (54 bytes)
Total: 1

VM state: at safepoint (shutting down)

VM Mutex/Monitor currently owned by a thread:  ([mutex/lock_event])
[0x000079a60be7d980] Threads_lock - owner thread: 0x00005fa373560620
[0x000079a60be7d880] Heap_lock - owner thread: 0x000079a54c001100

Heap address: 0x00000000a0000000, size: 30208 MB, Compressed Oops mode: Zero based, Oop shift amount: 3

CDS archive(s) mapped at: [0x000079a566000000-0x000079a566c74000-0x000079a566c74000), size 13058048, SharedBaseAddress: 0x000079a566000000, ArchiveRelocationMode: 1.
Compressed class space mapped at: 0x000079a567000000-0x000079a5a7000000, reserved size: 1073741824
Narrow klass base: 0x000079a566000000, Narrow klass shift: 0, Narrow klass range: 0x100000000

GC Precious Log:
 CardTable entry size: 512
 Card Set container configuration: InlinePtr #cards 3 size 8 Array Of Cards #cards 128 size 272 Howl #buckets 8 coarsen threshold 29491 Howl Bitmap #cards 4096 size 528 coarsen threshold 3686 Card regions per heap region 1 cards per card region 32768
 CPUs: 128 total, 128 available
 Memory: 125G
 Large Page Support: Disabled
 NUMA Support: Disabled
 Compressed Oops: Enabled (Zero based)
 Heap Region Size: 16M
 Heap Min Capacity: 16M
 Heap Initial Capacity: 2016M
 Heap Max Capacity: 30208M
 Pre-touch: Disabled
 Parallel Workers: 83
 Concurrent Workers: 21
 Concurrent Refinement Workers: 83
 Periodic GC: Disabled

Heap:
 garbage-first heap   total reserved 30932992K, committed 2080768K, used 50209K [0x00000000a0000000, 0x0000000800000000)
  region size 16384K, 4 young (65536K), 0 survivors (0K)
 Metaspace       used 11250K, committed 11520K, reserved 1114112K
  class space    used 1292K, committed 1408K, reserved 1048576K

Heap Regions: E=young(eden), S=young(survivor), O=old, HS=humongous(starts), HC=humongous(continues), CS=collection set, F=free, TAMS=top-at-mark-start, PB=parsable bottom
|   0|0x00000000a0000000, 0x00000000a0000000, 0x00000000a1000000|  0%| F|  |TAMS 0x00000000a0000000| PB 0x00000000a0000000| Untracked |  0
|   1|0x00000000a1000000, 0x00000000a1000000, 0x00000000a2000000|  0%| F|  |TAMS 0x00000000a1000000| PB 0x00000000a1000000| Untracked |  0
|   2|0x00000000a2000000, 0x00000000a2000000, 0x00000000a3000000|  0%| F|  |TAMS 0x00000000a2000000| PB 0x00000000a2000000| Untracked |  0
|   3|0x00000000a3000000, 0x00000000a3000000, 0x00000000a4000000|  0%| F|  |TAMS 0x00000000a3000000| PB 0x00000000a3000000| Untracked |  0
|   4|0x00000000a4000000, 0x00000000a4000000, 0x00000000a5000000|  0%| F|  |TAMS 0x00000000a4000000| PB 0x00000000a4000000| Untracked |  0
|   5|0x00000000a5000000, 0x00000000a5000000, 0x00000000a6000000|  0%| F|  |TAMS 0x00000000a5000000| PB 0x00000000a5000000| Untracked |  0
|   6|0x00000000a6000000, 0x00000000a6000000, 0x00000000a7000000|  0%| F|  |TAMS 0x00000000a6000000| PB 0x00000000a6000000| Untracked |  0
|   7|0x00000000a7000000, 0x00000000a7000000, 0x00000000a8000000|  0%| F|  |TAMS 0x00000000a7000000| PB 0x00000000a7000000| Untracked |  0
|   8|0x00000000a8000000, 0x00000000a8000000, 0x00000000a9000000|  0%| F|  |TAMS 0x00000000a8000000| PB 0x00000000a8000000| Untracked |  0
|   9|0x00000000a9000000, 0x00000000a9000000, 0x00000000aa000000|  0%| F|  |TAMS 0x00000000a9000000| PB 0x00000000a9000000| Untracked |  0
|  10|0x00000000aa000000, 0x00000000aa000000, 0x00000000ab000000|  0%| F|  |TAMS 0x00000000aa000000| PB 0x00000000aa000000| Untracked |  0
|  11|0x00000000ab000000, 0x00000000ab000000, 0x00000000ac000000|  0%| F|  |TAMS 0x00000000ab000000| PB 0x00000000ab000000| Untracked |  0
|  12|0x00000000ac000000, 0x00000000ac000000, 0x00000000ad000000|  0%| F|  |TAMS 0x00000000ac000000| PB 0x00000000ac000000| Untracked |  0
|  13|0x00000000ad000000, 0x00000000ad000000, 0x00000000ae000000|  0%| F|  |TAMS 0x00000000ad000000| PB 0x00000000ad000000| Untracked |  0
|  14|0x00000000ae000000, 0x00000000ae000000, 0x00000000af000000|  0%| F|  |TAMS 0x00000000ae000000| PB 0x00000000ae000000| Untracked |  0
|  15|0x00000000af000000, 0x00000000af000000, 0x00000000b0000000|  0%| F|  |TAMS 0x00000000af000000| PB 0x00000000af000000| Untracked |  0
|  16|0x00000000b0000000, 0x00000000b0000000, 0x00000000b1000000|  0%| F|  |TAMS 0x00000000b0000000| PB 0x00000000b0000000| Untracked |  0
|  17|0x00000000b1000000, 0x00000000b1000000, 0x00000000b2000000|  0%| F|  |TAMS 0x00000000b1000000| PB 0x00000000b1000000| Untracked |  0
|  18|0x00000000b2000000, 0x00000000b2000000, 0x00000000b3000000|  0%| F|  |TAMS 0x00000000b2000000| PB 0x00000000b2000000| Untracked |  0
|  19|0x00000000b3000000, 0x00000000b3000000, 0x00000000b4000000|  0%| F|  |TAMS 0x00000000b3000000| PB 0x00000000b3000000| Untracked |  0
|  20|0x00000000b4000000, 0x00000000b4000000, 0x00000000b5000000|  0%| F|  |TAMS 0x00000000b4000000| PB 0x00000000b4000000| Untracked |  0
|  21|0x00000000b5000000, 0x00000000b5000000, 0x00000000b6000000|  0%| F|  |TAMS 0x00000000b5000000| PB 0x00000000b5000000| Untracked |  0
|  22|0x00000000b6000000, 0x00000000b6000000, 0x00000000b7000000|  0%| F|  |TAMS 0x00000000b6000000| PB 0x00000000b6000000| Untracked |  0
|  23|0x00000000b7000000, 0x00000000b7000000, 0x00000000b8000000|  0%| F|  |TAMS 0x00000000b7000000| PB 0x00000000b7000000| Untracked |  0
|  24|0x00000000b8000000, 0x00000000b8000000, 0x00000000b9000000|  0%| F|  |TAMS 0x00000000b8000000| PB 0x00000000b8000000| Untracked |  0
|  25|0x00000000b9000000, 0x00000000b9000000, 0x00000000ba000000|  0%| F|  |TAMS 0x00000000b9000000| PB 0x00000000b9000000| Untracked |  0
|  26|0x00000000ba000000, 0x00000000ba000000, 0x00000000bb000000|  0%| F|  |TAMS 0x00000000ba000000| PB 0x00000000ba000000| Untracked |  0
|  27|0x00000000bb000000, 0x00000000bb000000, 0x00000000bc000000|  0%| F|  |TAMS 0x00000000bb000000| PB 0x00000000bb000000| Untracked |  0
|  28|0x00000000bc000000, 0x00000000bc000000, 0x00000000bd000000|  0%| F|  |TAMS 0x00000000bc000000| PB 0x00000000bc000000| Untracked |  0
|  29|0x00000000bd000000, 0x00000000bd000000, 0x00000000be000000|  0%| F|  |TAMS 0x00000000bd000000| PB 0x00000000bd000000| Untracked |  0
|  30|0x00000000be000000, 0x00000000be000000, 0x00000000bf000000|  0%| F|  |TAMS 0x00000000be000000| PB 0x00000000be000000| Untracked |  0
|  31|0x00000000bf000000, 0x00000000bf000000, 0x00000000c0000000|  0%| F|  |TAMS 0x00000000bf000000| PB 0x00000000bf000000| Untracked |  0
|  32|0x00000000c0000000, 0x00000000c0000000, 0x00000000c1000000|  0%| F|  |TAMS 0x00000000c0000000| PB 0x00000000c0000000| Untracked |  0
|  33|0x00000000c1000000, 0x00000000c1000000, 0x00000000c2000000|  0%| F|  |TAMS 0x00000000c1000000| PB 0x00000000c1000000| Untracked |  0
|  34|0x00000000c2000000, 0x00000000c2000000, 0x00000000c3000000|  0%| F|  |TAMS 0x00000000c2000000| PB 0x00000000c2000000| Untracked |  0
|  35|0x00000000c3000000, 0x00000000c3000000, 0x00000000c4000000|  0%| F|  |TAMS 0x00000000c3000000| PB 0x00000000c3000000| Untracked |  0
|  36|0x00000000c4000000, 0x00000000c4000000, 0x00000000c5000000|  0%| F|  |TAMS 0x00000000c4000000| PB 0x00000000c4000000| Untracked |  0
|  37|0x00000000c5000000, 0x00000000c5000000, 0x00000000c6000000|  0%| F|  |TAMS 0x00000000c5000000| PB 0x00000000c5000000| Untracked |  0
|  38|0x00000000c6000000, 0x00000000c6000000, 0x00000000c7000000|  0%| F|  |TAMS 0x00000000c6000000| PB 0x00000000c6000000| Untracked |  0
|  39|0x00000000c7000000, 0x00000000c7000000, 0x00000000c8000000|  0%| F|  |TAMS 0x00000000c7000000| PB 0x00000000c7000000| Untracked |  0
|  40|0x00000000c8000000, 0x00000000c8000000, 0x00000000c9000000|  0%| F|  |TAMS 0x00000000c8000000| PB 0x00000000c8000000| Untracked |  0
|  41|0x00000000c9000000, 0x00000000c9000000, 0x00000000ca000000|  0%| F|  |TAMS 0x00000000c9000000| PB 0x00000000c9000000| Untracked |  0
|  42|0x00000000ca000000, 0x00000000ca000000, 0x00000000cb000000|  0%| F|  |TAMS 0x00000000ca000000| PB 0x00000000ca000000| Untracked |  0
|  43|0x00000000cb000000, 0x00000000cb000000, 0x00000000cc000000|  0%| F|  |TAMS 0x00000000cb000000| PB 0x00000000cb000000| Untracked |  0
|  44|0x00000000cc000000, 0x00000000cc000000, 0x00000000cd000000|  0%| F|  |TAMS 0x00000000cc000000| PB 0x00000000cc000000| Untracked |  0
|  45|0x00000000cd000000, 0x00000000cd000000, 0x00000000ce000000|  0%| F|  |TAMS 0x00000000cd000000| PB 0x00000000cd000000| Untracked |  0
|  46|0x00000000ce000000, 0x00000000ce000000, 0x00000000cf000000|  0%| F|  |TAMS 0x00000000ce000000| PB 0x00000000ce000000| Untracked |  0
|  47|0x00000000cf000000, 0x00000000cf000000, 0x00000000d0000000|  0%| F|  |TAMS 0x00000000cf000000| PB 0x00000000cf000000| Untracked |  0
|  48|0x00000000d0000000, 0x00000000d0000000, 0x00000000d1000000|  0%| F|  |TAMS 0x00000000d0000000| PB 0x00000000d0000000| Untracked |  0
|  49|0x00000000d1000000, 0x00000000d1000000, 0x00000000d2000000|  0%| F|  |TAMS 0x00000000d1000000| PB 0x00000000d1000000| Untracked |  0
|  50|0x00000000d2000000, 0x00000000d2000000, 0x00000000d3000000|  0%| F|  |TAMS 0x00000000d2000000| PB 0x00000000d2000000| Untracked |  0
|  51|0x00000000d3000000, 0x00000000d3000000, 0x00000000d4000000|  0%| F|  |TAMS 0x00000000d3000000| PB 0x00000000d3000000| Untracked |  0
|  52|0x00000000d4000000, 0x00000000d4000000, 0x00000000d5000000|  0%| F|  |TAMS 0x00000000d4000000| PB 0x00000000d4000000| Untracked |  0
|  53|0x00000000d5000000, 0x00000000d5000000, 0x00000000d6000000|  0%| F|  |TAMS 0x00000000d5000000| PB 0x00000000d5000000| Untracked |  0
|  54|0x00000000d6000000, 0x00000000d6000000, 0x00000000d7000000|  0%| F|  |TAMS 0x00000000d6000000| PB 0x00000000d6000000| Untracked |  0
|  55|0x00000000d7000000, 0x00000000d7000000, 0x00000000d8000000|  0%| F|  |TAMS 0x00000000d7000000| PB 0x00000000d7000000| Untracked |  0
|  56|0x00000000d8000000, 0x00000000d8000000, 0x00000000d9000000|  0%| F|  |TAMS 0x00000000d8000000| PB 0x00000000d8000000| Untracked |  0
|  57|0x00000000d9000000, 0x00000000d9000000, 0x00000000da000000|  0%| F|  |TAMS 0x00000000d9000000| PB 0x00000000d9000000| Untracked |  0
|  58|0x00000000da000000, 0x00000000da000000, 0x00000000db000000|  0%| F|  |TAMS 0x00000000da000000| PB 0x00000000da000000| Untracked |  0
|  59|0x00000000db000000, 0x00000000db000000, 0x00000000dc000000|  0%| F|  |TAMS 0x00000000db000000| PB 0x00000000db000000| Untracked |  0
|  60|0x00000000dc000000, 0x00000000dc000000, 0x00000000dd000000|  0%| F|  |TAMS 0x00000000dc000000| PB 0x00000000dc000000| Untracked |  0
|  61|0x00000000dd000000, 0x00000000dd000000, 0x00000000de000000|  0%| F|  |TAMS 0x00000000dd000000| PB 0x00000000dd000000| Untracked |  0
|  62|0x00000000de000000, 0x00000000de000000, 0x00000000df000000|  0%| F|  |TAMS 0x00000000de000000| PB 0x00000000de000000| Untracked |  0
|  63|0x00000000df000000, 0x00000000df000000, 0x00000000e0000000|  0%| F|  |TAMS 0x00000000df000000| PB 0x00000000df000000| Untracked |  0
|  64|0x00000000e0000000, 0x00000000e0000000, 0x00000000e1000000|  0%| F|  |TAMS 0x00000000e0000000| PB 0x00000000e0000000| Untracked |  0
|  65|0x00000000e1000000, 0x00000000e1000000, 0x00000000e2000000|  0%| F|  |TAMS 0x00000000e1000000| PB 0x00000000e1000000| Untracked |  0
|  66|0x00000000e2000000, 0x00000000e2000000, 0x00000000e3000000|  0%| F|  |TAMS 0x00000000e2000000| PB 0x00000000e2000000| Untracked |  0
|  67|0x00000000e3000000, 0x00000000e3000000, 0x00000000e4000000|  0%| F|  |TAMS 0x00000000e3000000| PB 0x00000000e3000000| Untracked |  0
|  68|0x00000000e4000000, 0x00000000e4000000, 0x00000000e5000000|  0%| F|  |TAMS 0x00000000e4000000| PB 0x00000000e4000000| Untracked |  0
|  69|0x00000000e5000000, 0x00000000e5000000, 0x00000000e6000000|  0%| F|  |TAMS 0x00000000e5000000| PB 0x00000000e5000000| Untracked |  0
|  70|0x00000000e6000000, 0x00000000e6000000, 0x00000000e7000000|  0%| F|  |TAMS 0x00000000e6000000| PB 0x00000000e6000000| Untracked |  0
|  71|0x00000000e7000000, 0x00000000e7000000, 0x00000000e8000000|  0%| F|  |TAMS 0x00000000e7000000| PB 0x00000000e7000000| Untracked |  0
|  72|0x00000000e8000000, 0x00000000e8000000, 0x00000000e9000000|  0%| F|  |TAMS 0x00000000e8000000| PB 0x00000000e8000000| Untracked |  0
|  73|0x00000000e9000000, 0x00000000e9000000, 0x00000000ea000000|  0%| F|  |TAMS 0x00000000e9000000| PB 0x00000000e9000000| Untracked |  0
|  74|0x00000000ea000000, 0x00000000ea000000, 0x00000000eb000000|  0%| F|  |TAMS 0x00000000ea000000| PB 0x00000000ea000000| Untracked |  0
|  75|0x00000000eb000000, 0x00000000eb000000, 0x00000000ec000000|  0%| F|  |TAMS 0x00000000eb000000| PB 0x00000000eb000000| Untracked |  0
|  76|0x00000000ec000000, 0x00000000ec000000, 0x00000000ed000000|  0%| F|  |TAMS 0x00000000ec000000| PB 0x00000000ec000000| Untracked |  0
|  77|0x00000000ed000000, 0x00000000ed000000, 0x00000000ee000000|  0%| F|  |TAMS 0x00000000ed000000| PB 0x00000000ed000000| Untracked |  0
|  78|0x00000000ee000000, 0x00000000ee000000, 0x00000000ef000000|  0%| F|  |TAMS 0x00000000ee000000| PB 0x00000000ee000000| Untracked |  0
|  79|0x00000000ef000000, 0x00000000ef000000, 0x00000000f0000000|  0%| F|  |TAMS 0x00000000ef000000| PB 0x00000000ef000000| Untracked |  0
|  80|0x00000000f0000000, 0x00000000f0000000, 0x00000000f1000000|  0%| F|  |TAMS 0x00000000f0000000| PB 0x00000000f0000000| Untracked |  0
|  81|0x00000000f1000000, 0x00000000f1000000, 0x00000000f2000000|  0%| F|  |TAMS 0x00000000f1000000| PB 0x00000000f1000000| Untracked |  0
|  82|0x00000000f2000000, 0x00000000f2000000, 0x00000000f3000000|  0%| F|  |TAMS 0x00000000f2000000| PB 0x00000000f2000000| Untracked |  0
|  83|0x00000000f3000000, 0x00000000f3000000, 0x00000000f4000000|  0%| F|  |TAMS 0x00000000f3000000| PB 0x00000000f3000000| Untracked |  0
|  84|0x00000000f4000000, 0x00000000f4000000, 0x00000000f5000000|  0%| F|  |TAMS 0x00000000f4000000| PB 0x00000000f4000000| Untracked |  0
|  85|0x00000000f5000000, 0x00000000f5000000, 0x00000000f6000000|  0%| F|  |TAMS 0x00000000f5000000| PB 0x00000000f5000000| Untracked |  0
|  86|0x00000000f6000000, 0x00000000f6000000, 0x00000000f7000000|  0%| F|  |TAMS 0x00000000f6000000| PB 0x00000000f6000000| Untracked |  0
|  87|0x00000000f7000000, 0x00000000f7000000, 0x00000000f8000000|  0%| F|  |TAMS 0x00000000f7000000| PB 0x00000000f7000000| Untracked |  0
|  88|0x00000000f8000000, 0x00000000f8000000, 0x00000000f9000000|  0%| F|  |TAMS 0x00000000f8000000| PB 0x00000000f8000000| Untracked |  0
|  89|0x00000000f9000000, 0x00000000f9000000, 0x00000000fa000000|  0%| F|  |TAMS 0x00000000f9000000| PB 0x00000000f9000000| Untracked |  0
|  90|0x00000000fa000000, 0x00000000fa000000, 0x00000000fb000000|  0%| F|  |TAMS 0x00000000fa000000| PB 0x00000000fa000000| Untracked |  0
|  91|0x00000000fb000000, 0x00000000fb000000, 0x00000000fc000000|  0%| F|  |TAMS 0x00000000fb000000| PB 0x00000000fb000000| Untracked |  0
|  92|0x00000000fc000000, 0x00000000fc000000, 0x00000000fd000000|  0%| F|  |TAMS 0x00000000fc000000| PB 0x00000000fc000000| Untracked |  0
|  93|0x00000000fd000000, 0x00000000fd000000, 0x00000000fe000000|  0%| F|  |TAMS 0x00000000fd000000| PB 0x00000000fd000000| Untracked |  0
|  94|0x00000000fe000000, 0x00000000fe000000, 0x00000000ff000000|  0%| F|  |TAMS 0x00000000fe000000| PB 0x00000000fe000000| Untracked |  0
|  95|0x00000000ff000000, 0x00000000ff000000, 0x0000000100000000|  0%| F|  |TAMS 0x00000000ff000000| PB 0x00000000ff000000| Untracked |  0
|  96|0x0000000100000000, 0x0000000100000000, 0x0000000101000000|  0%| F|  |TAMS 0x0000000100000000| PB 0x0000000100000000| Untracked |  0
|  97|0x0000000101000000, 0x0000000101000000, 0x0000000102000000|  0%| F|  |TAMS 0x0000000101000000| PB 0x0000000101000000| Untracked |  0
|  98|0x0000000102000000, 0x0000000102000000, 0x0000000103000000|  0%| F|  |TAMS 0x0000000102000000| PB 0x0000000102000000| Untracked |  0
|  99|0x0000000103000000, 0x0000000103000000, 0x0000000104000000|  0%| F|  |TAMS 0x0000000103000000| PB 0x0000000103000000| Untracked |  0
| 100|0x0000000104000000, 0x0000000104000000, 0x0000000105000000|  0%| F|  |TAMS 0x0000000104000000| PB 0x0000000104000000| Untracked |  0
| 101|0x0000000105000000, 0x0000000105000000, 0x0000000106000000|  0%| F|  |TAMS 0x0000000105000000| PB 0x0000000105000000| Untracked |  0
| 102|0x0000000106000000, 0x0000000106000000, 0x0000000107000000|  0%| F|  |TAMS 0x0000000106000000| PB 0x0000000106000000| Untracked |  0
| 103|0x0000000107000000, 0x0000000107000000, 0x0000000108000000|  0%| F|  |TAMS 0x0000000107000000| PB 0x0000000107000000| Untracked |  0
| 104|0x0000000108000000, 0x0000000108000000, 0x0000000109000000|  0%| F|  |TAMS 0x0000000108000000| PB 0x0000000108000000| Untracked |  0
| 105|0x0000000109000000, 0x0000000109000000, 0x000000010a000000|  0%| F|  |TAMS 0x0000000109000000| PB 0x0000000109000000| Untracked |  0
| 106|0x000000010a000000, 0x000000010a000000, 0x000000010b000000|  0%| F|  |TAMS 0x000000010a000000| PB 0x000000010a000000| Untracked |  0
| 107|0x000000010b000000, 0x000000010b000000, 0x000000010c000000|  0%| F|  |TAMS 0x000000010b000000| PB 0x000000010b000000| Untracked |  0
| 108|0x000000010c000000, 0x000000010c000000, 0x000000010d000000|  0%| F|  |TAMS 0x000000010c000000| PB 0x000000010c000000| Untracked |  0
| 109|0x000000010d000000, 0x000000010d000000, 0x000000010e000000|  0%| F|  |TAMS 0x000000010d000000| PB 0x000000010d000000| Untracked |  0
| 110|0x000000010e000000, 0x000000010e000000, 0x000000010f000000|  0%| F|  |TAMS 0x000000010e000000| PB 0x000000010e000000| Untracked |  0
| 111|0x000000010f000000, 0x000000010f000000, 0x0000000110000000|  0%| F|  |TAMS 0x000000010f000000| PB 0x000000010f000000| Untracked |  0
| 112|0x0000000110000000, 0x0000000110000000, 0x0000000111000000|  0%| F|  |TAMS 0x0000000110000000| PB 0x0000000110000000| Untracked |  0
| 113|0x0000000111000000, 0x0000000111000000, 0x0000000112000000|  0%| F|  |TAMS 0x0000000111000000| PB 0x0000000111000000| Untracked |  0
| 114|0x0000000112000000, 0x0000000112000000, 0x0000000113000000|  0%| F|  |TAMS 0x0000000112000000| PB 0x0000000112000000| Untracked |  0
| 115|0x0000000113000000, 0x0000000113000000, 0x0000000114000000|  0%| F|  |TAMS 0x0000000113000000| PB 0x0000000113000000| Untracked |  0
| 116|0x0000000114000000, 0x0000000114000000, 0x0000000115000000|  0%| F|  |TAMS 0x0000000114000000| PB 0x0000000114000000| Untracked |  0
| 117|0x0000000115000000, 0x0000000115000000, 0x0000000116000000|  0%| F|  |TAMS 0x0000000115000000| PB 0x0000000115000000| Untracked |  0
| 118|0x0000000116000000, 0x0000000116000000, 0x0000000117000000|  0%| F|  |TAMS 0x0000000116000000| PB 0x0000000116000000| Untracked |  0
| 119|0x0000000117000000, 0x0000000117000000, 0x0000000118000000|  0%| F|  |TAMS 0x0000000117000000| PB 0x0000000117000000| Untracked |  0
| 120|0x0000000118000000, 0x0000000118000000, 0x0000000119000000|  0%| F|  |TAMS 0x0000000118000000| PB 0x0000000118000000| Untracked |  0
| 121|0x0000000119000000, 0x0000000119000000, 0x000000011a000000|  0%| F|  |TAMS 0x0000000119000000| PB 0x0000000119000000| Untracked |  0
| 122|0x000000011a000000, 0x000000011a1eb888, 0x000000011b000000| 12%| E|  |TAMS 0x000000011a000000| PB 0x000000011a000000| Complete |  0
| 123|0x000000011b000000, 0x000000011c000000, 0x000000011c000000|100%| E|CS|TAMS 0x000000011b000000| PB 0x000000011b000000| Complete |  0
| 124|0x000000011c000000, 0x000000011d000000, 0x000000011d000000|100%| E|CS|TAMS 0x000000011c000000| PB 0x000000011c000000| Complete |  0
| 125|0x000000011d000000, 0x000000011e000000, 0x000000011e000000|100%| E|CS|TAMS 0x000000011d000000| PB 0x000000011d000000| Complete |  0
|1887|0x00000007ff000000, 0x00000007ff1086c8, 0x0000000800000000|  6%| O|  |TAMS 0x00000007ff000000| PB 0x00000007ff000000| Untracked |  0

Card table byte_map: [0x000079a5e78cd000,0x000079a5eb3cd000] _byte_map_base: 0x000079a5e73cd000

Marking Bits: (CMBitMap*) 0x00005fa37379d3b0
 Bits: [0x000079a5ca0cd000, 0x000079a5e78cd000)

Polling page: 0x000079a6ba786000

Metaspace:

Usage:
  Non-class:      9.72 MB used.
      Class:      1.26 MB used.
       Both:     10.99 MB used.

Virtual space:
  Non-class space:       64.00 MB reserved,       9.88 MB ( 15%) committed,  1 nodes.
      Class space:        1.00 GB reserved,       1.38 MB